<?xml version="1.0" encoding="UTF-8"?>
<!-- Generated by org.testng.reporters.JUnitReportReporter -->
<testsuite hostname="DESKTOP-MO89MJU" failures="0" tests="1" name="Assessment_1.Firefox" time="86.024" errors="0" timestamp="2024-09-05T13:17:27 IST" skipped="0">
  <testcase classname="Assessment_1.Firefox" name="Test_In_Firefox1" time="86.024"/>
</testsuite> <!-- Assessment_1.Firefox -->
