<?xml version="1.0" encoding="UTF-8"?>
<!-- Generated by org.testng.reporters.JUnitReportReporter -->
<testsuite hostname="DESKTOP-MO89MJU" failures="0" tests="1" name="Assessment_1.Chrome" time="114.216" errors="0" timestamp="2024-09-05T13:14:41 IST" skipped="0">
  <testcase classname="Assessment_1.Chrome" name="Test_In_Chrome" time="114.216"/>
</testsuite> <!-- Assessment_1.Chrome -->
